Command line:
   demux_design_sanjeev_isim_beh.exe
     -simmode  gui
     -simrunnum  0
     -socket  54264

Wed Feb 09 14:02:27 2022


 Elaboration Time: 0.015625 sec

 Current Memory Usage: 5150.77 Meg

 Total Signals          : 7
 Total Nets             : 7
 Total Signal Drivers   : 4
 Total Blocks           : 2
 Total Primitive Blocks : 2
 Total Processes        : 4
 Total Traceable Variables  : 8
 Total Scalar Nets and Variables : 367
Total Line Count : 4

 Total Simulation Time: 0.015625 sec

 Current Memory Usage: 5150.77 Meg

Wed Feb 09 14:02:36 2022

