Command line:
   orgate_design_sanjeev_isim_beh.exe
     -simmode  gui
     -simrunnum  0
     -socket  52953

Wed Feb 02 14:59:05 2022


 Elaboration Time: 0.015625 sec

 Current Memory Usage: 5151.39 Meg

 Total Signals          : 3
 Total Nets             : 3
 Total Signal Drivers   : 1
 Total Blocks           : 2
 Total Primitive Blocks : 2
 Total Processes        : 1
 Total Traceable Variables  : 8
 Total Scalar Nets and Variables : 363
Total Line Count : 1

 Total Simulation Time: 0.015625 sec

 Current Memory Usage: 5151.39 Meg

Wed Feb 02 14:59:16 2022

