Command line:
   orgate_tb_sanjeev_isim_beh.exe
     -simmode  gui
     -simrunnum  0
     -socket  52955

Wed Feb 02 14:59:26 2022


 Elaboration Time: 0.015625 sec

 Current Memory Usage: 5150.78 Meg

 Total Signals          : 6
 Total Nets             : 3
 Total Signal Drivers   : 3
 Total Blocks           : 3
 Total Primitive Blocks : 2
 Total Processes        : 2
 Total Traceable Variables  : 8
 Total Scalar Nets and Variables : 363
Total Line Count : 9

 Total Simulation Time: 0.03125 sec

 Current Memory Usage: 5150.78 Meg

Wed Feb 02 14:59:39 2022

