Command line:
   demux_tb_sanjeev_isim_beh.exe
     -simmode  gui
     -simrunnum  0
     -socket  54267

Wed Feb 09 14:02:44 2022


 Elaboration Time: 0.03125 sec

 Current Memory Usage: 5150.79 Meg

 Total Signals          : 14
 Total Nets             : 7
 Total Signal Drivers   : 7
 Total Blocks           : 3
 Total Primitive Blocks : 2
 Total Processes        : 5
 Total Traceable Variables  : 8
 Total Scalar Nets and Variables : 367
Total Line Count : 21

 Total Simulation Time: 0.03125 sec

 Current Memory Usage: 4678.93 Meg

Wed Feb 09 14:11:45 2022

