Command line:
   andgate_tb_sanjeev_isim_beh.exe
     -simmode  gui
     -simrunnum  0
     -socket  52875

Wed Feb 02 14:49:30 2022


 Elaboration Time: 0.015625 sec

 Current Memory Usage: 5150.78 Meg

 Total Signals          : 6
 Total Nets             : 3
 Total Signal Drivers   : 3
 Total Blocks           : 3
 Total Primitive Blocks : 2
 Total Processes        : 2
 Total Traceable Variables  : 8
 Total Scalar Nets and Variables : 363
Total Line Count : 9

 Total Simulation Time: 0.015625 sec

 Current Memory Usage: 4678.92 Meg

Wed Feb 02 14:58:43 2022

