Command line:
   fourbitadder_tb_sanjeev_isim_beh.exe
     -simmode  gui
     -simrunnum  0
     -socket  54279

Wed Feb 09 14:05:50 2022


 Elaboration Time: 0.03125 sec

 Current Memory Usage: 5150.79 Meg

 Total Signals          : 31
 Total Nets             : 17
 Total Signal Drivers   : 10
 Total Blocks           : 7
 Total Primitive Blocks : 5
 Total Processes        : 9
 Total Traceable Variables  : 8
 Total Scalar Nets and Variables : 377
Total Line Count : 23

 Total Simulation Time: 0.0625 sec

 Current Memory Usage: 4678.93 Meg

Wed Feb 09 14:11:41 2022

