Running: G:\14.7\ISE_DS\ISE\bin\nt64\unwrapped\fuse.exe -intstyle ise -incremental -lib secureip -o G:/vhdl code/alu_sanjeev/alu_tb_sanjeev_isim_beh.exe -prj G:/vhdl code/alu_sanjeev/alu_tb_sanjeev_beh.prj work.alu_tb_sanjeev 
ISim P.20131013 (signature 0x7708f090)
Number of CPUs detected in this system: 12
Turning on mult-threading, number of parallel sub-compilation jobs: 24 
Determining compilation order of HDL files
Parsing VHDL file "G:/vhdl code/alu_sanjeev/alu_design_sanjeev.vhd" into library work
Parsing VHDL file "G:/vhdl code/alu_sanjeev/alu_tb_sanjeev.vhd" into library work
Starting static elaboration
Completed static elaboration
Compiling package standard
Compiling package std_logic_1164
Compiling package std_logic_arith
Compiling package std_logic_unsigned
Compiling package numeric_std
Compiling architecture behavioral of entity alu_design_sanjeev [alu_design_sanjeev_default]
Compiling architecture behavior of entity alu_tb_sanjeev
Time Resolution for simulation is 1ps.
Compiled 8 VHDL Units
Built simulation executable G:/vhdl code/alu_sanjeev/alu_tb_sanjeev_isim_beh.exe
Fuse Memory Usage: 37544 KB
Fuse CPU Usage: 358 ms
