Command line:
   xorgtae_tb_sanjeev_isim_beh.exe
     -simmode  gui
     -simrunnum  0
     -socket  57793

Wed Feb 02 12:39:22 2022


 Elaboration Time: 0.046875 sec

 Current Memory Usage: 5151.38 Meg

 Total Signals          : 6
 Total Nets             : 3
 Total Signal Drivers   : 3
 Total Blocks           : 3
 Total Primitive Blocks : 2
 Total Processes        : 2
 Total Traceable Variables  : 8
 Total Scalar Nets and Variables : 363
Total Line Count : 9

 Total Simulation Time: 0.046875 sec

 Current Memory Usage: 4679.52 Meg

Wed Feb 02 12:41:38 2022

