Command line:
   mux2x2_tb_sanjeev_isim_beh.exe
     -simmode  gui
     -simrunnum  0
     -socket  52963

Wed Feb 02 15:00:01 2022


 Elaboration Time: 0.015625 sec

 Current Memory Usage: 5150.86 Meg

 Total Signals          : 11
 Total Nets             : 7
 Total Signal Drivers   : 7
 Total Blocks           : 3
 Total Primitive Blocks : 2
 Total Processes        : 5
 Total Traceable Variables  : 8
 Total Scalar Nets and Variables : 367
Total Line Count : 8

 Total Simulation Time: 0.015625 sec

 Current Memory Usage: 5465.43 Meg

Wed Feb 02 15:00:46 2022

