Command line:
   fulladder_design_sanjeev_isim_beh.exe
     -simmode  gui
     -simrunnum  0
     -socket  54270

Wed Feb 09 14:04:27 2022


 Elaboration Time: 0.03125 sec

 Current Memory Usage: 5150.75 Meg

 Total Signals          : 17
 Total Nets             : 9
 Total Signal Drivers   : 6
 Total Blocks           : 4
 Total Primitive Blocks : 3
 Total Processes        : 6
 Total Traceable Variables  : 8
 Total Scalar Nets and Variables : 369
Total Line Count : 6

 Total Simulation Time: 0.046875 sec

 Current Memory Usage: 5150.75 Meg

Wed Feb 09 14:04:31 2022

